[0m17:10:32.213606 [debug] [MainThread]: Sending event: {'category': 'dbt', 'action': 'invocation', 'label': 'start', 'context': [<snowplow_tracker.self_describing_json.SelfDescribingJson object at 0x000002226CD75C40>, <snowplow_tracker.self_describing_json.SelfDescribingJson object at 0x000002226CD75EE0>, <snowplow_tracker.self_describing_json.SelfDescribingJson object at 0x000002226CD75D00>]}


============================== 17:10:32.219666 | a4eea806-ed50-4d26-bba1-c20515d68139 ==============================
[0m17:10:32.219666 [info ] [MainThread]: Running with dbt=1.9.1
[0m17:10:32.220606 [debug] [MainThread]: running dbt with arguments {'printer_width': '80', 'indirect_selection': 'eager', 'log_cache_events': 'False', 'write_json': 'True', 'partial_parse': 'True', 'cache_selected_only': 'False', 'warn_error': 'None', 'debug': 'False', 'version_check': 'True', 'log_path': 'logs', 'profiles_dir': 'C:\\Users\\Antoine\\.dbt', 'fail_fast': 'False', 'use_colors': 'True', 'use_experimental_parser': 'False', 'empty': 'None', 'quiet': 'False', 'no_print': 'None', 'warn_error_options': 'WarnErrorOptions(include=[], exclude=[])', 'invocation_command': 'dbt init', 'log_format': 'default', 'static_parser': 'True', 'target_path': 'None', 'introspect': 'True', 'send_anonymous_usage_stats': 'True'}
[0m17:10:47.336136 [debug] [MainThread]: Starter project path: C:\Users\Antoine\anaconda3\envs\miniprojet\Lib\site-packages\dbt\include\starter_project
[0m17:10:47.363123 [info ] [MainThread]: 
Your new dbt project "mini_projet_dbt" was created!

For more information on how to configure the profiles.yml file,
please consult the dbt documentation here:

  https://docs.getdbt.com/docs/configure-your-profile

One more thing:

Need help? Don't hesitate to reach out to us via GitHub issues or on Slack:

  https://community.getdbt.com/

Happy modeling!

[0m17:10:47.367121 [info ] [MainThread]: Setting up your profile.
[0m17:32:54.680253 [debug] [MainThread]: Redshift adapter: Setting redshift_connector to ERROR
[0m17:32:54.681253 [debug] [MainThread]: Redshift adapter: Setting redshift_connector.core to ERROR
[0m17:36:56.752936 [info ] [MainThread]: Profile mini_projet_dbt written to C:\Users\Antoine\.dbt\profiles.yml using target's profile_template.yml and your supplied values. Run 'dbt debug' to validate the connection.
[0m17:36:56.754029 [debug] [MainThread]: Command `dbt init` succeeded at 17:36:56.754029 after 1584.74 seconds
[0m17:36:56.755031 [debug] [MainThread]: Sending event: {'category': 'dbt', 'action': 'invocation', 'label': 'end', 'context': [<snowplow_tracker.self_describing_json.SelfDescribingJson object at 0x000002226CB9F740>, <snowplow_tracker.self_describing_json.SelfDescribingJson object at 0x000002226CE39400>, <snowplow_tracker.self_describing_json.SelfDescribingJson object at 0x000002226C923920>]}
[0m17:36:56.756030 [debug] [MainThread]: Flushing usage events
[0m17:36:57.165928 [debug] [MainThread]: An error was encountered while trying to flush usage events
